Loading r-rocker-ml-verse version 4.4.0+apptainer
Loading apptainer version latest

No apptainer cache directory found. To prevent apptainer from filling up your
home directory, you can create a new directory at
`/work/pi_<your_pi_name>/.apptainer/cache` and reload the module. 
── Attaching core tidyverse packages ──────────────────────── tidyverse 2.0.0 ──
✔ dplyr     1.1.4     ✔ readr     2.1.5
✔ forcats   1.0.0     ✔ stringr   1.5.1
✔ ggplot2   3.5.1     ✔ tibble    3.2.1
✔ lubridate 1.9.3     ✔ tidyr     1.3.1
✔ purrr     1.0.2     
── Conflicts ────────────────────────────────────────── tidyverse_conflicts() ──
✖ dplyr::filter() masks stats::filter()
✖ dplyr::lag()    masks stats::lag()
ℹ Use the conflicted package (<http://conflicted.r-lib.org/>) to force all conflicts to become errors
Loading required package: StanHeaders

rstan version 2.32.6 (Stan version 2.32.2)

For execution on a local, multicore CPU with excess RAM we recommend calling
options(mc.cores = parallel::detectCores()).
To avoid recompilation of unchanged Stan programs, we recommend calling
rstan_options(auto_write = TRUE)
For within-chain threading using `reduce_sum()` or `map_rect()` Stan functions,
change `threads_per_chain` option:
rstan_options(threads_per_chain = 1)


Attaching package: ‘rstan’

The following object is masked from ‘package:tidyr’:

    extract

This is posterior version 1.6.0

Attaching package: ‘posterior’

The following objects are masked from ‘package:rstan’:

    ess_bulk, ess_tail

The following objects are masked from ‘package:stats’:

    mad, sd, var

The following objects are masked from ‘package:base’:

    %in%, match

This is bayesplot version 1.11.1
- Online documentation and vignettes at mc-stan.org/bayesplot
- bayesplot theme set to bayesplot::theme_default()
   * Does _not_ affect other ggplot2 plots
   * See ?bayesplot_theme_set for details on theme setting

Attaching package: ‘bayesplot’

The following object is masked from ‘package:posterior’:

    rhat

here() starts at /work/pi_alc_umass_edu/spconway/scratch/rect_2afc
Rows: 35741 Columns: 35
── Column specification ────────────────────────────────────────────────────────
Delimiter: ","
chr  (9): trial, r1, r2, r3, display, tdo, probe, probe_rects, choice
dbl (26): sub_n, trial_number, w1, h1, w2, h2, w3, h3, tdd, tw, th, cw, ch, ...

ℹ Use `spec()` to retrieve the full column specification for this data.
ℹ Specify the column types or set `show_col_types = FALSE` to quiet this message.
[1] 85
`summarise()` has grouped output by 'sub_n', 'tdd', 'probe'. You can override
using the `.groups` argument.
`summarise()` has grouped output by 'tdd', 'probe'. You can override using the
`.groups` argument.
# A tibble: 30 × 9
   tdd   probe choice     m     s     N     se ci_lower ci_upper
   <fct> <fct> <fct>  <dbl> <dbl> <int>  <dbl>    <dbl>    <dbl>
 1 0     dc    c      0.498 0.113    85 0.0123    0.474    0.522
 2 0     dc    d      0.502 0.113    85 0.0123    0.478    0.526
 3 0     tc    c      0.510 0.102    85 0.0110    0.488    0.532
 4 0     tc    t      0.490 0.102    85 0.0110    0.468    0.512
 5 0     td    d      0.505 0.121    85 0.0131    0.479    0.531
 6 0     td    t      0.495 0.121    85 0.0131    0.469    0.521
 7 0.02  dc    c      0.565 0.109    85 0.0118    0.542    0.589
 8 0.02  dc    d      0.435 0.109    85 0.0118    0.411    0.458
 9 0.02  tc    c      0.523 0.103    85 0.0112    0.500    0.545
10 0.02  tc    t      0.477 0.103    85 0.0112    0.455    0.500
# ℹ 20 more rows
`summarise()` has grouped output by 'sub_n', 'tdd', 'probe'. You can override
using the `.groups` argument.
`summarise()` has grouped output by 'tdd', 'probe'. You can override using the
`.groups` argument.
Joining with `by = join_by(sub_n)`
E-BFMI indicated no pathological behavior.
`stat_bin()` using `bins = 30`. Pick better value with `binwidth`.
`stat_bin()` using `bins = 30`. Pick better value with `binwidth`.
`stat_bin()` using `bins = 30`. Pick better value with `binwidth`.
`stat_bin()` using `bins = 30`. Pick better value with `binwidth`.
`stat_bin()` using `bins = 30`. Pick better value with `binwidth`.
`stat_bin()` using `bins = 30`. Pick better value with `binwidth`.
`stat_bin()` using `bins = 30`. Pick better value with `binwidth`.
Error in select_parameters(complete_pars = parameter_names(x), explicit = pars,  : 
  Some 'pars' don't match parameter names: sigma_b_s FALSE
`stat_bin()` using `bins = 30`. Pick better value with `binwidth`.
Error in select_parameters(complete_pars = parameter_names(x), explicit = pars,  : 
  Some 'pars' don't match parameter names: sigma_b_s FALSE
Error in select_parameters(complete_pars = parameter_names(x), explicit = pars,  : 
  Some 'pars' don't match parameter names: sigma_b_s FALSE
`summarise()` has grouped output by 'iter', 'display', 'probe'. You can
override using the `.groups` argument.
`summarise()` has grouped output by 'display', 'probe'. You can override using
the `.groups` argument.
`summarise()` has grouped output by 'sub_n', 'display', 'probe'. You can
override using the `.groups` argument.
`summarise()` has grouped output by 'display', 'probe'. You can override using
the `.groups` argument.
[1] 0.0029323878
`summarise()` has grouped output by 'sub_n', 'tdd'. You can override using the
`.groups` argument.
`summarise()` has grouped output by 'tdd'. You can override using the `.groups`
argument.
`summarise()` has grouped output by 'sub_n'. You can override using the
`.groups` argument.
`stat_bin()` using `bins = 30`. Pick better value with `binwidth`.
# A tibble: 2 × 2
  display    correct_prop
  <fct>             <dbl>
1 triangle          0.926
2 horizontal        0.932
`summarise()` has grouped output by 'sub_n'. You can override using the
`.groups` argument.
# A tibble: 2 × 3
  display    m_correct s_correct
  <fct>          <dbl>     <dbl>
1 triangle        92.6      3.77
2 horizontal      93.2      3.52
# A tibble: 4 × 8
    tdd probe display    mean_discrim     sd      se ci_lower ci_upper
  <dbl> <fct> <fct>             <dbl>  <dbl>   <dbl>    <dbl>    <dbl>
1    14 dc    triangle          0.821 0.130  0.0142     0.792    0.849
2    14 dc    horizontal        0.845 0.118  0.0128     0.819    0.871
3    14 td    triangle          0.895 0.109  0.0118     0.872    0.918
4    14 td    horizontal        0.951 0.0777 0.00843    0.935    0.968
Error: object 'fit_summary' not found
Execution halted
