Loading r-rocker-ml-verse version 4.4.0+apptainer
Loading apptainer version latest

No apptainer cache directory found. To prevent apptainer from filling up your
home directory, you can create a new directory at
`/work/pi_<your_pi_name>/.apptainer/cache` and reload the module. 
── Attaching core tidyverse packages ──────────────────────── tidyverse 2.0.0 ──
✔ dplyr     1.1.4     ✔ readr     2.1.5
✔ forcats   1.0.0     ✔ stringr   1.5.1
✔ ggplot2   3.5.1     ✔ tibble    3.2.1
✔ lubridate 1.9.3     ✔ tidyr     1.3.1
✔ purrr     1.0.2     
── Conflicts ────────────────────────────────────────── tidyverse_conflicts() ──
✖ dplyr::filter() masks stats::filter()
✖ dplyr::lag()    masks stats::lag()
ℹ Use the conflicted package (<http://conflicted.r-lib.org/>) to force all conflicts to become errors
Loading required package: StanHeaders

rstan version 2.32.6 (Stan version 2.32.2)

For execution on a local, multicore CPU with excess RAM we recommend calling
options(mc.cores = parallel::detectCores()).
To avoid recompilation of unchanged Stan programs, we recommend calling
rstan_options(auto_write = TRUE)
For within-chain threading using `reduce_sum()` or `map_rect()` Stan functions,
change `threads_per_chain` option:
rstan_options(threads_per_chain = 1)


Attaching package: ‘rstan’

The following object is masked from ‘package:tidyr’:

    extract

This is posterior version 1.6.0

Attaching package: ‘posterior’

The following objects are masked from ‘package:rstan’:

    ess_bulk, ess_tail

The following objects are masked from ‘package:stats’:

    mad, sd, var

The following objects are masked from ‘package:base’:

    %in%, match

This is bayesplot version 1.11.1
- Online documentation and vignettes at mc-stan.org/bayesplot
- bayesplot theme set to bayesplot::theme_default()
   * Does _not_ affect other ggplot2 plots
   * See ?bayesplot_theme_set for details on theme setting

Attaching package: ‘bayesplot’

The following object is masked from ‘package:posterior’:

    rhat

here() starts at /work/pi_alc_umass_edu/spconway/scratch/rect_2afc
Rows: 35741 Columns: 35
── Column specification ────────────────────────────────────────────────────────
Delimiter: ","
chr  (9): trial, r1, r2, r3, display, tdo, probe, probe_rects, choice
dbl (26): sub_n, trial_number, w1, h1, w2, h2, w3, h3, tdd, tw, th, cw, ch, ...

ℹ Use `spec()` to retrieve the full column specification for this data.
ℹ Specify the column types or set `show_col_types = FALSE` to quiet this message.
[1] 85
`summarise()` has grouped output by 'sub_n', 'tdd', 'probe'. You can override
using the `.groups` argument.
`summarise()` has grouped output by 'tdd', 'probe'. You can override using the
`.groups` argument.
# A tibble: 30 × 9
   tdd   probe choice     m     s     N     se ci_lower ci_upper
   <fct> <fct> <fct>  <dbl> <dbl> <int>  <dbl>    <dbl>    <dbl>
 1 0     dc    c      0.498 0.113    85 0.0123    0.474    0.522
 2 0     dc    d      0.502 0.113    85 0.0123    0.478    0.526
 3 0     tc    c      0.510 0.102    85 0.0110    0.488    0.532
 4 0     tc    t      0.490 0.102    85 0.0110    0.468    0.512
 5 0     td    d      0.505 0.121    85 0.0131    0.479    0.531
 6 0     td    t      0.495 0.121    85 0.0131    0.469    0.521
 7 0.02  dc    c      0.565 0.109    85 0.0118    0.542    0.589
 8 0.02  dc    d      0.435 0.109    85 0.0118    0.411    0.458
 9 0.02  tc    c      0.523 0.103    85 0.0112    0.500    0.545
10 0.02  tc    t      0.477 0.103    85 0.0112    0.455    0.500
# ℹ 20 more rows
`summarise()` has grouped output by 'sub_n', 'tdd', 'probe'. You can override
using the `.groups` argument.
`summarise()` has grouped output by 'tdd', 'probe'. You can override using the
`.groups` argument.
Joining with `by = join_by(sub_n)`

SAMPLING FOR MODEL 'anon_model' NOW (CHAIN 1).

SAMPLING FOR MODEL 'anon_model' NOW (CHAIN 2).

SAMPLING FOR MODEL 'anon_model' NOW (CHAIN 3).

SAMPLING FOR MODEL 'anon_model' NOW (CHAIN 4).

SAMPLING FOR MODEL 'anon_model' NOW (CHAIN 5).
Chain 1: 
Chain 1: Gradient evaluation took 0.037743 seconds
Chain 1: 1000 transitions using 10 leapfrog steps per transition would take 377.43 seconds.
Chain 1: Adjust your expectations accordingly!
Chain 1: 
Chain 1: 
Chain 2: 
Chain 2: Gradient evaluation took 0.037106 seconds
Chain 2: 1000 transitions using 10 leapfrog steps per transition would take 371.06 seconds.
Chain 2: Adjust your expectations accordingly!
Chain 2: 
Chain 2: 
Chain 5: 
Chain 5: Gradient evaluation took 0.035537 seconds
Chain 5: 1000 transitions using 10 leapfrog steps per transition would take 355.37 seconds.
Chain 5: Adjust your expectations accordingly!
Chain 5: 
Chain 5: 
Chain 3: 
Chain 3: Gradient evaluation took 0.036184 seconds
Chain 3: 1000 transitions using 10 leapfrog steps per transition would take 361.84 seconds.
Chain 3: Adjust your expectations accordingly!
Chain 3: 
Chain 3: 
Chain 4: 
Chain 4: Gradient evaluation took 0.035528 seconds
Chain 4: 1000 transitions using 10 leapfrog steps per transition would take 355.28 seconds.
Chain 4: Adjust your expectations accordingly!
Chain 4: 
Chain 4: 
Chain 5: Iteration:    1 / 5000 [  0%]  (Warmup)
Chain 3: Iteration:    1 / 5000 [  0%]  (Warmup)
Chain 1: Iteration:    1 / 5000 [  0%]  (Warmup)
Chain 4: Iteration:    1 / 5000 [  0%]  (Warmup)
Chain 2: Iteration:    1 / 5000 [  0%]  (Warmup)
Chain 5: Iteration:  500 / 5000 [ 10%]  (Warmup)
Chain 3: Iteration:  500 / 5000 [ 10%]  (Warmup)
Chain 2: Iteration:  500 / 5000 [ 10%]  (Warmup)
Chain 1: Iteration:  500 / 5000 [ 10%]  (Warmup)
Chain 4: Iteration:  500 / 5000 [ 10%]  (Warmup)
Chain 5: Iteration: 1000 / 5000 [ 20%]  (Warmup)
Chain 3: Iteration: 1000 / 5000 [ 20%]  (Warmup)
Chain 2: Iteration: 1000 / 5000 [ 20%]  (Warmup)
Chain 4: Iteration: 1000 / 5000 [ 20%]  (Warmup)
Chain 1: Iteration: 1000 / 5000 [ 20%]  (Warmup)
Chain 5: Iteration: 1500 / 5000 [ 30%]  (Warmup)
Chain 3: Iteration: 1500 / 5000 [ 30%]  (Warmup)
Chain 2: Iteration: 1500 / 5000 [ 30%]  (Warmup)
Chain 4: Iteration: 1500 / 5000 [ 30%]  (Warmup)
Chain 1: Iteration: 1500 / 5000 [ 30%]  (Warmup)
Chain 5: Iteration: 2000 / 5000 [ 40%]  (Warmup)
Chain 3: Iteration: 2000 / 5000 [ 40%]  (Warmup)
Chain 2: Iteration: 2000 / 5000 [ 40%]  (Warmup)
Chain 4: Iteration: 2000 / 5000 [ 40%]  (Warmup)
Chain 1: Iteration: 2000 / 5000 [ 40%]  (Warmup)
Chain 3: Iteration: 2500 / 5000 [ 50%]  (Warmup)
Chain 3: Iteration: 2501 / 5000 [ 50%]  (Sampling)
Chain 5: Iteration: 2500 / 5000 [ 50%]  (Warmup)
Chain 5: Iteration: 2501 / 5000 [ 50%]  (Sampling)
Chain 2: Iteration: 2500 / 5000 [ 50%]  (Warmup)
Chain 2: Iteration: 2501 / 5000 [ 50%]  (Sampling)
Chain 1: Iteration: 2500 / 5000 [ 50%]  (Warmup)
Chain 1: Iteration: 2501 / 5000 [ 50%]  (Sampling)
Chain 4: Iteration: 2500 / 5000 [ 50%]  (Warmup)
Chain 4: Iteration: 2501 / 5000 [ 50%]  (Sampling)
Chain 3: Iteration: 3000 / 5000 [ 60%]  (Sampling)
Chain 5: Iteration: 3000 / 5000 [ 60%]  (Sampling)
Chain 2: Iteration: 3000 / 5000 [ 60%]  (Sampling)
Chain 1: Iteration: 3000 / 5000 [ 60%]  (Sampling)
Chain 4: Iteration: 3000 / 5000 [ 60%]  (Sampling)
Chain 3: Iteration: 3500 / 5000 [ 70%]  (Sampling)
Chain 5: Iteration: 3500 / 5000 [ 70%]  (Sampling)
Chain 2: Iteration: 3500 / 5000 [ 70%]  (Sampling)
Chain 1: Iteration: 3500 / 5000 [ 70%]  (Sampling)
Chain 4: Iteration: 3500 / 5000 [ 70%]  (Sampling)
Chain 3: Iteration: 4000 / 5000 [ 80%]  (Sampling)
Chain 5: Iteration: 4000 / 5000 [ 80%]  (Sampling)
Chain 2: Iteration: 4000 / 5000 [ 80%]  (Sampling)
Chain 1: Iteration: 4000 / 5000 [ 80%]  (Sampling)
Chain 4: Iteration: 4000 / 5000 [ 80%]  (Sampling)
Chain 3: Iteration: 4500 / 5000 [ 90%]  (Sampling)
Chain 5: Iteration: 4500 / 5000 [ 90%]  (Sampling)
Chain 2: Iteration: 4500 / 5000 [ 90%]  (Sampling)
Chain 1: Iteration: 4500 / 5000 [ 90%]  (Sampling)
Chain 4: Iteration: 4500 / 5000 [ 90%]  (Sampling)
Chain 3: Iteration: 5000 / 5000 [100%]  (Sampling)
Chain 3: 
Chain 3:  Elapsed Time: 3240.05 seconds (Warm-up)
Chain 3:                3222.47 seconds (Sampling)
Chain 3:                6462.52 seconds (Total)
Chain 3: 
Chain 5: Iteration: 5000 / 5000 [100%]  (Sampling)
Chain 5: 
Chain 5:  Elapsed Time: 3251.68 seconds (Warm-up)
Chain 5:                3260.93 seconds (Sampling)
Chain 5:                6512.61 seconds (Total)
Chain 5: 
Chain 2: Iteration: 5000 / 5000 [100%]  (Sampling)
Chain 2: 
Chain 2:  Elapsed Time: 3318.51 seconds (Warm-up)
Chain 2:                3216.99 seconds (Sampling)
Chain 2:                6535.49 seconds (Total)
Chain 2: 
Chain 1: Iteration: 5000 / 5000 [100%]  (Sampling)
Chain 1: 
Chain 1:  Elapsed Time: 3353.91 seconds (Warm-up)
Chain 1:                3209.14 seconds (Sampling)
Chain 1:                6563.05 seconds (Total)
Chain 1: 
Chain 4: Iteration: 5000 / 5000 [100%]  (Sampling)
Chain 4: 
Chain 4:  Elapsed Time: 3367.18 seconds (Warm-up)
Chain 4:                3324.54 seconds (Sampling)
Chain 4:                6691.72 seconds (Total)
Chain 4: 
E-BFMI indicated no pathological behavior.
`stat_bin()` using `bins = 30`. Pick better value with `binwidth`.
`stat_bin()` using `bins = 30`. Pick better value with `binwidth`.
`stat_bin()` using `bins = 30`. Pick better value with `binwidth`.
`stat_bin()` using `bins = 30`. Pick better value with `binwidth`.
`stat_bin()` using `bins = 30`. Pick better value with `binwidth`.
`stat_bin()` using `bins = 30`. Pick better value with `binwidth`.
`stat_bin()` using `bins = 30`. Pick better value with `binwidth`.
Error in select_parameters(complete_pars = parameter_names(x), explicit = pars,  : 
  Some 'pars' don't match parameter names: sigma_b_s FALSE
`stat_bin()` using `bins = 30`. Pick better value with `binwidth`.
Error in select_parameters(complete_pars = parameter_names(x), explicit = pars,  : 
  Some 'pars' don't match parameter names: sigma_b_s FALSE
Error in select_parameters(complete_pars = parameter_names(x), explicit = pars,  : 
  Some 'pars' don't match parameter names: sigma_b_s FALSE
`summarise()` has grouped output by 'iter', 'display', 'probe'. You can
override using the `.groups` argument.
`summarise()` has grouped output by 'display', 'probe'. You can override using
the `.groups` argument.
`summarise()` has grouped output by 'sub_n', 'display', 'probe'. You can
override using the `.groups` argument.
`summarise()` has grouped output by 'display', 'probe'. You can override using
the `.groups` argument.
[1] -0.023437712
`summarise()` has grouped output by 'sub_n', 'tdd'. You can override using the
`.groups` argument.
`summarise()` has grouped output by 'tdd'. You can override using the `.groups`
argument.
`summarise()` has grouped output by 'sub_n'. You can override using the
`.groups` argument.
`stat_bin()` using `bins = 30`. Pick better value with `binwidth`.
# A tibble: 2 × 2
  display    correct_prop
  <fct>             <dbl>
1 triangle          0.926
2 horizontal        0.932
`summarise()` has grouped output by 'sub_n'. You can override using the
`.groups` argument.
# A tibble: 2 × 3
  display    m_correct s_correct
  <fct>          <dbl>     <dbl>
1 triangle        92.6      3.77
2 horizontal      93.2      3.52
# A tibble: 4 × 8
    tdd probe display    mean_discrim     sd      se ci_lower ci_upper
  <dbl> <fct> <fct>             <dbl>  <dbl>   <dbl>    <dbl>    <dbl>
1    14 dc    triangle          0.821 0.130  0.0142     0.792    0.849
2    14 dc    horizontal        0.845 0.118  0.0128     0.819    0.871
3    14 td    triangle          0.895 0.109  0.0118     0.872    0.918
4    14 td    horizontal        0.951 0.0777 0.00843    0.935    0.968
                      mean          sd         2.5%       97.5%
b_0            0.616083365 0.076787193  0.466063623  0.76544884
b_w           -0.547125573 0.080309460 -0.706346690 -0.38980690
b_h           -0.118808165 0.090609277 -0.297399072  0.05852320
b_td          -0.027745852 0.094986503 -0.214718507  0.15849117
b_tdd_5        0.264108642 0.095644429  0.075223143  0.45247119
b_tdd_9        0.748994654 0.105275435  0.542406126  0.95678915
b_tdd_14       1.275996659 0.117335085  1.048534428  1.50539965
b_tdd_5_X_td   0.157416421 0.117223942 -0.070413003  0.38614353
b_tdd_9_X_td   0.665137930 0.139075872  0.396922353  0.94520182
b_tdd_14_X_td  0.879131386 0.160776871  0.571381573  1.19797619
